c:\yun project\boom-bang-boom\boom bang boom\x64\release\vc143.pdb
c:\yun project\boom-bang-boom\boom bang boom\x64\release\renderer.obj
c:\yun project\boom-bang-boom\boom bang boom\x64\release\main.obj
c:\yun project\boom-bang-boom\boom bang boom\x64\release\frame.ixx.ifc
c:\yun project\boom-bang-boom\boom bang boom\x64\release\frame.ixx.ifc.d.json
c:\yun project\boom-bang-boom\boom bang boom\x64\release\frame.ixx.obj
c:\yun project\boom-bang-boom\boom bang boom\x64\release\utility.ixx.ifc
c:\yun project\boom-bang-boom\boom bang boom\x64\release\utility.ixx.ifc.d.json
c:\yun project\boom-bang-boom\boom bang boom\x64\release\utility.ixx.obj
c:\yun project\boom-bang-boom\boom bang boom\x64\release\functional_qibdc4opg7sujuz2.ifc
c:\yun project\boom-bang-boom\boom bang boom\x64\release\functional_qibdc4opg7sujuz2.ifc.d.json
c:\yun project\boom-bang-boom\boom bang boom\x64\release\functional_qibdc4opg7sujuz2.obj
c:\yun project\boom-bang-boom\boom bang boom\x64\release\renderer.ixx.ifc
c:\yun project\boom-bang-boom\boom bang boom\x64\release\renderer.ixx.ifc.d.json
c:\yun project\boom-bang-boom\boom bang boom\x64\release\renderer.ixx.obj
c:\yun project\boom-bang-boom\boom bang boom\x64\release\iostream_usi165ab3bb6eoab.ifc
c:\yun project\boom-bang-boom\boom bang boom\x64\release\iostream_usi165ab3bb6eoab.ifc.d.json
c:\yun project\boom-bang-boom\boom bang boom\x64\release\iostream_usi165ab3bb6eoab.obj
c:\yun project\boom-bang-boom\boom bang boom\x64\release\updater.ixx.ifc
c:\yun project\boom-bang-boom\boom bang boom\x64\release\updater.ixx.ifc.d.json
c:\yun project\boom-bang-boom\boom bang boom\x64\release\updater.ixx.obj
c:\yun project\boom-bang-boom\boom bang boom\x64\release\core.ixx.ifc
c:\yun project\boom-bang-boom\boom bang boom\x64\release\core.ixx.ifc.d.json
c:\yun project\boom-bang-boom\boom bang boom\x64\release\core.ixx.obj
c:\yun project\boom-bang-boom\boom bang boom\x64\release\format_xcg77bdx3m9jfwva.ifc
c:\yun project\boom-bang-boom\boom bang boom\x64\release\format_xcg77bdx3m9jfwva.ifc.d.json
c:\yun project\boom-bang-boom\boom bang boom\x64\release\format_xcg77bdx3m9jfwva.obj
c:\yun project\boom-bang-boom\boom bang boom\x64\release\fontspace.ixx.ifc
c:\yun project\boom-bang-boom\boom bang boom\x64\release\fontspace.ixx.ifc.d.json
c:\yun project\boom-bang-boom\boom bang boom\x64\release\fontspace.ixx.obj
c:\yun project\boom-bang-boom\boom bang boom\x64\release\string_zp9syex95jb0yggn.ifc
c:\yun project\boom-bang-boom\boom bang boom\x64\release\string_zp9syex95jb0yggn.ifc.d.json
c:\yun project\boom-bang-boom\boom bang boom\x64\release\string_zp9syex95jb0yggn.obj
c:\yun project\boom-bang-boom\boom bang boom\x64\release\conio.h_tiowxpk5d33zskvy.ifc
c:\yun project\boom-bang-boom\boom bang boom\x64\release\conio.h_tiowxpk5d33zskvy.ifc.d.json
c:\yun project\boom-bang-boom\boom bang boom\x64\release\conio.h_tiowxpk5d33zskvy.obj
c:\yun project\boom-bang-boom\boom bang boom\x64\release\vector_4zxvq46w1sykdph3.ifc
c:\yun project\boom-bang-boom\boom bang boom\x64\release\vector_4zxvq46w1sykdph3.ifc.d.json
c:\yun project\boom-bang-boom\boom bang boom\x64\release\vector_4zxvq46w1sykdph3.obj
c:\yun project\boom-bang-boom\boom bang boom\x64\release\core.obj
c:\yun project\boom-bang-boom\x64\release\boom bang boom.exe
c:\yun project\boom-bang-boom\boom bang boom\x64\release\boom bang boom.ipdb
c:\yun project\boom-bang-boom\x64\release\boom bang boom.pdb
c:\yun project\boom-bang-boom\boom bang boom\x64\release\boom bang boom.iobj
c:\yun project\boom-bang-boom\boom bang boom\x64\release\core.ixx.module.json
c:\yun project\boom-bang-boom\boom bang boom\x64\release\frame.ixx.module.json
c:\yun project\boom-bang-boom\boom bang boom\x64\release\utility.ixx.module.json
c:\yun project\boom-bang-boom\boom bang boom\x64\release\fontspace.ixx.module.json
c:\yun project\boom-bang-boom\boom bang boom\x64\release\updater.ixx.module.json
c:\yun project\boom-bang-boom\boom bang boom\x64\release\renderer.ixx.module.json
c:\yun project\boom-bang-boom\boom bang boom\x64\release\format_xcg77bdx3m9jfwva.module.json
c:\yun project\boom-bang-boom\boom bang boom\x64\release\functional_qibdc4opg7sujuz2.module.json
c:\yun project\boom-bang-boom\boom bang boom\x64\release\conio.h_tiowxpk5d33zskvy.module.json
c:\yun project\boom-bang-boom\boom bang boom\x64\release\vector_4zxvq46w1sykdph3.module.json
c:\yun project\boom-bang-boom\boom bang boom\x64\release\string_zp9syex95jb0yggn.module.json
c:\yun project\boom-bang-boom\boom bang boom\x64\release\iostream_usi165ab3bb6eoab.module.json
c:\yun project\boom-bang-boom\boom bang boom\x64\release\boom bang boom.tlog\cl.command.1.tlog
c:\yun project\boom-bang-boom\boom bang boom\x64\release\boom bang boom.tlog\cl.read.1.tlog
c:\yun project\boom-bang-boom\boom bang boom\x64\release\boom bang boom.tlog\cl.write.1.tlog
c:\yun project\boom-bang-boom\boom bang boom\x64\release\boom bang boom.tlog\link.command.1.tlog
c:\yun project\boom-bang-boom\boom bang boom\x64\release\boom bang boom.tlog\link.read.1.tlog
c:\yun project\boom-bang-boom\boom bang boom\x64\release\boom bang boom.tlog\link.write.1.tlog
c:\yun project\boom-bang-boom\boom bang boom\x64\release\boom bang boom_md.tlog\cl.command.1.tlog
c:\yun project\boom-bang-boom\boom bang boom\x64\release\boom bang boom_md.tlog\microsoft.build.cpptasks.cl.read.1.tlog
c:\yun project\boom-bang-boom\boom bang boom\x64\release\boom bang boom_md.tlog\microsoft.build.cpptasks.cl.write.1.tlog
